<?xml version="1.0" encoding="UTF-8"?>
<testng-results skipped="1" failed="2" total="3" passed="0">
  <reporter-output>
  </reporter-output>
  <suite name="Default suite" duration-ms="2307" started-at="2021-05-05T08:50:27Z" finished-at="2021-05-05T08:50:29Z">
    <groups>
    </groups>
    <test name="Default test" duration-ms="2307" started-at="2021-05-05T08:50:27Z" finished-at="2021-05-05T08:50:29Z">
      <class name="org.opengis.cite.wmts10.core.dgiwg.testsuite.Prerequisites">
        <test-method status="FAIL" signature="verifyServiceDescription(org.testng.ITestContext)[pri:0, instance:org.opengis.cite.wmts10.core.dgiwg.testsuite.Prerequisites@7b2bbc3]" name="verifyServiceDescription" duration-ms="15" started-at="2021-05-05T10:50:27Z" finished-at="2021-05-05T10:50:27Z">
          <params>
            <param index="0">
              <value>
                <![CDATA[org.testng.TestRunner@54c5a2ff]]>
              </value>
            </param>
          </params>
          <exception class="java.lang.NullPointerException">
            <full-stacktrace>
              <![CDATA[java.lang.NullPointerException
	at org.opengis.cite.wmts10.core.assertion.WmtsAssertion.assertSimpleWMTSCapabilities(WmtsAssertion.java:33)
	at org.opengis.cite.wmts10.core.dgiwg.testsuite.Prerequisites.verifyServiceDescription(Prerequisites.java:35)
	at sun.reflect.NativeMethodAccessorImpl.invoke0(Native Method)
	at sun.reflect.NativeMethodAccessorImpl.invoke(NativeMethodAccessorImpl.java:62)
	at sun.reflect.DelegatingMethodAccessorImpl.invoke(DelegatingMethodAccessorImpl.java:43)
	at java.lang.reflect.Method.invoke(Method.java:498)
	at org.testng.internal.MethodInvocationHelper.invokeMethod(MethodInvocationHelper.java:86)
	at org.testng.internal.Invoker.invokeMethod(Invoker.java:643)
	at org.testng.internal.Invoker.invokeTestMethod(Invoker.java:820)
	at org.testng.internal.Invoker.invokeTestMethods(Invoker.java:1128)
	at org.testng.internal.TestMethodWorker.invokeTestMethods(TestMethodWorker.java:129)
	at org.testng.internal.TestMethodWorker.run(TestMethodWorker.java:112)
	at org.testng.TestRunner.privateRun(TestRunner.java:782)
	at org.testng.TestRunner.run(TestRunner.java:632)
	at org.testng.SuiteRunner.runTest(SuiteRunner.java:366)
	at org.testng.SuiteRunner.runSequentially(SuiteRunner.java:361)
	at org.testng.SuiteRunner.privateRun(SuiteRunner.java:319)
	at org.testng.SuiteRunner.run(SuiteRunner.java:268)
	at org.testng.SuiteRunnerWorker.runSuite(SuiteRunnerWorker.java:52)
	at org.testng.SuiteRunnerWorker.run(SuiteRunnerWorker.java:86)
	at org.testng.TestNG.runSuitesSequentially(TestNG.java:1244)
	at org.testng.TestNG.runSuitesLocally(TestNG.java:1169)
	at org.testng.TestNG.run(TestNG.java:1064)
	at org.testng.remote.AbstractRemoteTestNG.run(AbstractRemoteTestNG.java:115)
	at org.testng.remote.RemoteTestNG.initAndRun(RemoteTestNG.java:251)
	at org.testng.remote.RemoteTestNG.main(RemoteTestNG.java:77)
]]>
            </full-stacktrace>
          </exception> <!-- java.lang.NullPointerException -->
          <reporter-output>
          </reporter-output>
        </test-method> <!-- verifyServiceDescription -->
        <test-method status="SKIP" signature="serviceIsAvailable(org.testng.ITestContext)[pri:0, instance:org.opengis.cite.wmts10.core.dgiwg.testsuite.Prerequisites@7b2bbc3]" name="serviceIsAvailable" duration-ms="1" started-at="2021-05-05T10:50:29Z" depends-on-methods="org.opengis.cite.wmts10.core.dgiwg.testsuite.Prerequisites.verifyServiceDescription" finished-at="2021-05-05T10:50:29Z">
          <exception class="java.lang.Throwable">
            <message>
              <![CDATA[Method Prerequisites.serviceIsAvailable(org.testng.ITestContext)[pri:0, instance:org.opengis.cite.wmts10.core.dgiwg.testsuite.Prerequisites@7b2bbc3] depends on not successfully finished methods]]>
            </message>
            <full-stacktrace>
              <![CDATA[java.lang.Throwable: Method Prerequisites.serviceIsAvailable(org.testng.ITestContext)[pri:0, instance:org.opengis.cite.wmts10.core.dgiwg.testsuite.Prerequisites@7b2bbc3] depends on not successfully finished methods
	at org.testng.internal.Invoker.invokeTestMethods(Invoker.java:1037)
	at org.testng.internal.TestMethodWorker.invokeTestMethods(TestMethodWorker.java:129)
	at org.testng.internal.TestMethodWorker.run(TestMethodWorker.java:112)
	at org.testng.TestRunner.privateRun(TestRunner.java:782)
	at org.testng.TestRunner.run(TestRunner.java:632)
	at org.testng.SuiteRunner.runTest(SuiteRunner.java:366)
	at org.testng.SuiteRunner.runSequentially(SuiteRunner.java:361)
	at org.testng.SuiteRunner.privateRun(SuiteRunner.java:319)
	at org.testng.SuiteRunner.run(SuiteRunner.java:268)
	at org.testng.SuiteRunnerWorker.runSuite(SuiteRunnerWorker.java:52)
	at org.testng.SuiteRunnerWorker.run(SuiteRunnerWorker.java:86)
	at org.testng.TestNG.runSuitesSequentially(TestNG.java:1244)
	at org.testng.TestNG.runSuitesLocally(TestNG.java:1169)
	at org.testng.TestNG.run(TestNG.java:1064)
	at org.testng.remote.AbstractRemoteTestNG.run(AbstractRemoteTestNG.java:115)
	at org.testng.remote.RemoteTestNG.initAndRun(RemoteTestNG.java:251)
	at org.testng.remote.RemoteTestNG.main(RemoteTestNG.java:77)
]]>
            </full-stacktrace>
          </exception> <!-- java.lang.Throwable -->
          <reporter-output>
          </reporter-output>
        </test-method> <!-- serviceIsAvailable -->
      </class> <!-- org.opengis.cite.wmts10.core.dgiwg.testsuite.Prerequisites -->
      <class name="org.opengis.cite.wmts10.core.dgiwg.testsuite.QueryableWMTS">
        <test-method status="PASS" signature="initTestFixture(org.testng.ITestContext)[pri:0, instance:org.opengis.cite.wmts10.core.dgiwg.testsuite.QueryableWMTS@48f2bd5b]" name="initTestFixture" is-config="true" duration-ms="680" started-at="2021-05-05T10:50:27Z" finished-at="2021-05-05T10:50:27Z">
          <params>
            <param index="0">
              <value>
                <![CDATA[org.testng.TestRunner@54c5a2ff]]>
              </value>
            </param>
          </params>
          <reporter-output>
          </reporter-output>
        </test-method> <!-- initTestFixture -->
        <test-method status="PASS" signature="discoverBaseControllerEndpoint(org.testng.ITestContext)[pri:0, instance:org.opengis.cite.wmts10.core.dgiwg.testsuite.QueryableWMTS@48f2bd5b]" name="discoverBaseControllerEndpoint" is-config="true" duration-ms="1355" started-at="2021-05-05T10:50:28Z" finished-at="2021-05-05T10:50:29Z">
          <params>
            <param index="0">
              <value>
                <![CDATA[org.testng.TestRunner@54c5a2ff]]>
              </value>
            </param>
          </params>
          <reporter-output>
          </reporter-output>
        </test-method> <!-- discoverBaseControllerEndpoint -->
        <test-method status="FAIL" signature="invokeBaseTestSuite()[pri:0, instance:org.opengis.cite.wmts10.core.dgiwg.testsuite.QueryableWMTS@48f2bd5b]" name="invokeBaseTestSuite" duration-ms="203" started-at="2021-05-05T10:50:29Z" description="See DGIWG-124: Table 1, Requirement 1" finished-at="2021-05-05T10:50:29Z">
          <exception class="java.lang.AssertionError">
            <message>
              <![CDATA[Unexpected status code. expected [200] but found [404]]]>
            </message>
            <full-stacktrace>
              <![CDATA[java.lang.AssertionError: Unexpected status code. expected [200] but found [404]
	at org.testng.Assert.fail(Assert.java:94)
	at org.testng.Assert.failNotEquals(Assert.java:513)
	at org.testng.Assert.assertEqualsImpl(Assert.java:135)
	at org.testng.Assert.assertEquals(Assert.java:116)
	at org.testng.Assert.assertEquals(Assert.java:389)
	at org.opengis.cite.wmts10.core.dgiwg.testsuite.QueryableWMTS.invokeBaseTestSuite(QueryableWMTS.java:151)
	at sun.reflect.NativeMethodAccessorImpl.invoke0(Native Method)
	at sun.reflect.NativeMethodAccessorImpl.invoke(NativeMethodAccessorImpl.java:62)
	at sun.reflect.DelegatingMethodAccessorImpl.invoke(DelegatingMethodAccessorImpl.java:43)
	at java.lang.reflect.Method.invoke(Method.java:498)
	at org.testng.internal.MethodInvocationHelper.invokeMethod(MethodInvocationHelper.java:86)
	at org.testng.internal.Invoker.invokeMethod(Invoker.java:643)
	at org.testng.internal.Invoker.invokeTestMethod(Invoker.java:820)
	at org.testng.internal.Invoker.invokeTestMethods(Invoker.java:1128)
	at org.testng.internal.TestMethodWorker.invokeTestMethods(TestMethodWorker.java:129)
	at org.testng.internal.TestMethodWorker.run(TestMethodWorker.java:112)
	at org.testng.TestRunner.privateRun(TestRunner.java:782)
	at org.testng.TestRunner.run(TestRunner.java:632)
	at org.testng.SuiteRunner.runTest(SuiteRunner.java:366)
	at org.testng.SuiteRunner.runSequentially(SuiteRunner.java:361)
	at org.testng.SuiteRunner.privateRun(SuiteRunner.java:319)
	at org.testng.SuiteRunner.run(SuiteRunner.java:268)
	at org.testng.SuiteRunnerWorker.runSuite(SuiteRunnerWorker.java:52)
	at org.testng.SuiteRunnerWorker.run(SuiteRunnerWorker.java:86)
	at org.testng.TestNG.runSuitesSequentially(TestNG.java:1244)
	at org.testng.TestNG.runSuitesLocally(TestNG.java:1169)
	at org.testng.TestNG.run(TestNG.java:1064)
	at org.testng.remote.AbstractRemoteTestNG.run(AbstractRemoteTestNG.java:115)
	at org.testng.remote.RemoteTestNG.initAndRun(RemoteTestNG.java:251)
	at org.testng.remote.RemoteTestNG.main(RemoteTestNG.java:77)
]]>
            </full-stacktrace>
          </exception> <!-- java.lang.AssertionError -->
          <reporter-output>
          </reporter-output>
        </test-method> <!-- invokeBaseTestSuite -->
      </class> <!-- org.opengis.cite.wmts10.core.dgiwg.testsuite.QueryableWMTS -->
    </test> <!-- Default test -->
  </suite> <!-- Default suite -->
</testng-results>
